
*** Running vivado
    with args -log RCA.vds -m64 -product Vivado -mode batch -messageDb vivado.pb -notrace -source RCA.tcl


****** Vivado v2018.2 (64-bit)
  **** SW Build 2258646 on Thu Jun 14 20:03:12 MDT 2018
  **** IP Build 2256618 on Thu Jun 14 22:10:49 MDT 2018
    ** Copyright 1986-2018 Xilinx, Inc. All Rights Reserved.

source RCA.tcl -notrace
Command: synth_design -top RCA -part xc7a35tcpg236-1
Starting synth_design
Attempting to get a license for feature 'Synthesis' and/or device 'xc7a35t'
INFO: [Common 17-349] Got license for feature 'Synthesis' and/or device 'xc7a35t'
INFO: Launching helper process for spawning children vivado processes
INFO: Helper process launched with PID 7924 
---------------------------------------------------------------------------------
Starting RTL Elaboration : Time (s): cpu = 00:00:03 ; elapsed = 00:00:03 . Memory (MB): peak = 425.004 ; gain = 96.445
---------------------------------------------------------------------------------
INFO: [Synth 8-6157] synthesizing module 'RCA' [C:/Users/jsk/Downloads/matrix-multiplication-using-systolic-arrays/floatingPointMult/floatingPointMult.srcs/sources_1/new/RCA.v:4]
INFO: [Synth 8-6157] synthesizing module 'floatingPntMult' [C:/Users/jsk/Downloads/matrix-multiplication-using-systolic-arrays/floatingPointMult/floatingPointMult.srcs/sources_1/new/floatingPntMult.v:3]
INFO: [Synth 8-6157] synthesizing module 'nBitMult' [C:/Users/jsk/Downloads/matrix-multiplication-using-systolic-arrays/floatingPointMult/floatingPointMult.srcs/sources_1/new/nBitMultiplier.v:4]
	Parameter n bound to: 5 - type: integer 
WARNING: [Synth 8-6014] Unused sequential element partialProduct_reg[4] was removed.  [C:/Users/jsk/Downloads/matrix-multiplication-using-systolic-arrays/floatingPointMult/floatingPointMult.srcs/sources_1/new/nBitMultiplier.v:16]
WARNING: [Synth 8-6014] Unused sequential element partialProduct_reg[3] was removed.  [C:/Users/jsk/Downloads/matrix-multiplication-using-systolic-arrays/floatingPointMult/floatingPointMult.srcs/sources_1/new/nBitMultiplier.v:16]
WARNING: [Synth 8-6014] Unused sequential element partialProduct_reg[2] was removed.  [C:/Users/jsk/Downloads/matrix-multiplication-using-systolic-arrays/floatingPointMult/floatingPointMult.srcs/sources_1/new/nBitMultiplier.v:16]
WARNING: [Synth 8-6014] Unused sequential element partialProduct_reg[1] was removed.  [C:/Users/jsk/Downloads/matrix-multiplication-using-systolic-arrays/floatingPointMult/floatingPointMult.srcs/sources_1/new/nBitMultiplier.v:16]
WARNING: [Synth 8-6014] Unused sequential element partialProduct_reg[0] was removed.  [C:/Users/jsk/Downloads/matrix-multiplication-using-systolic-arrays/floatingPointMult/floatingPointMult.srcs/sources_1/new/nBitMultiplier.v:16]
INFO: [Synth 8-6155] done synthesizing module 'nBitMult' (1#1) [C:/Users/jsk/Downloads/matrix-multiplication-using-systolic-arrays/floatingPointMult/floatingPointMult.srcs/sources_1/new/nBitMultiplier.v:4]
INFO: [Synth 8-6157] synthesizing module 'fullAdder' [C:/Users/jsk/Downloads/matrix-multiplication-using-systolic-arrays/floatingPointMult/floatingPointMult.srcs/sources_1/new/fullAdder.v:4]
	Parameter n bound to: 3 - type: integer 
WARNING: [Synth 8-567] referenced signal 'cin' should be on the sensitivity list [C:/Users/jsk/Downloads/matrix-multiplication-using-systolic-arrays/floatingPointMult/floatingPointMult.srcs/sources_1/new/fullAdder.v:10]
INFO: [Synth 8-6155] done synthesizing module 'fullAdder' (2#1) [C:/Users/jsk/Downloads/matrix-multiplication-using-systolic-arrays/floatingPointMult/floatingPointMult.srcs/sources_1/new/fullAdder.v:4]
WARNING: [Synth 8-689] width (4) of port connection 'a' does not match port width (3) of module 'fullAdder' [C:/Users/jsk/Downloads/matrix-multiplication-using-systolic-arrays/floatingPointMult/floatingPointMult.srcs/sources_1/new/floatingPntMult.v:22]
INFO: [Synth 8-6155] done synthesizing module 'floatingPntMult' (3#1) [C:/Users/jsk/Downloads/matrix-multiplication-using-systolic-arrays/floatingPointMult/floatingPointMult.srcs/sources_1/new/floatingPntMult.v:3]
WARNING: [Synth 8-3848] Net an in module/entity RCA does not have driver. [C:/Users/jsk/Downloads/matrix-multiplication-using-systolic-arrays/floatingPointMult/floatingPointMult.srcs/sources_1/new/RCA.v:8]
WARNING: [Synth 8-3848] Net seg in module/entity RCA does not have driver. [C:/Users/jsk/Downloads/matrix-multiplication-using-systolic-arrays/floatingPointMult/floatingPointMult.srcs/sources_1/new/RCA.v:9]
INFO: [Synth 8-6155] done synthesizing module 'RCA' (4#1) [C:/Users/jsk/Downloads/matrix-multiplication-using-systolic-arrays/floatingPointMult/floatingPointMult.srcs/sources_1/new/RCA.v:4]
WARNING: [Synth 8-3331] design RCA has unconnected port an[3]
WARNING: [Synth 8-3331] design RCA has unconnected port an[2]
WARNING: [Synth 8-3331] design RCA has unconnected port an[1]
WARNING: [Synth 8-3331] design RCA has unconnected port an[0]
WARNING: [Synth 8-3331] design RCA has unconnected port seg[6]
WARNING: [Synth 8-3331] design RCA has unconnected port seg[5]
WARNING: [Synth 8-3331] design RCA has unconnected port seg[4]
WARNING: [Synth 8-3331] design RCA has unconnected port seg[3]
WARNING: [Synth 8-3331] design RCA has unconnected port seg[2]
WARNING: [Synth 8-3331] design RCA has unconnected port seg[1]
WARNING: [Synth 8-3331] design RCA has unconnected port seg[0]
---------------------------------------------------------------------------------
Finished RTL Elaboration : Time (s): cpu = 00:00:04 ; elapsed = 00:00:04 . Memory (MB): peak = 480.137 ; gain = 151.578
---------------------------------------------------------------------------------

Report Check Netlist: 
+------+------------------+-------+---------+-------+------------------+
|      |Item              |Errors |Warnings |Status |Description       |
+------+------------------+-------+---------+-------+------------------+
|1     |multi_driven_nets |      0|        0|Passed |Multi driven nets |
+------+------------------+-------+---------+-------+------------------+
---------------------------------------------------------------------------------
Start Handling Custom Attributes
---------------------------------------------------------------------------------
---------------------------------------------------------------------------------
Finished Handling Custom Attributes : Time (s): cpu = 00:00:04 ; elapsed = 00:00:05 . Memory (MB): peak = 480.137 ; gain = 151.578
---------------------------------------------------------------------------------
---------------------------------------------------------------------------------
Finished RTL Optimization Phase 1 : Time (s): cpu = 00:00:04 ; elapsed = 00:00:05 . Memory (MB): peak = 480.137 ; gain = 151.578
---------------------------------------------------------------------------------
INFO: [Device 21-403] Loading part xc7a35tcpg236-1
INFO: [Project 1-570] Preparing netlist for logic optimization

Processing XDC Constraints
Initializing timing engine
Parsing XDC File [C:/Users/jsk/Downloads/matrix-multiplication-using-systolic-arrays/Basys3_Master.xdc]
Finished Parsing XDC File [C:/Users/jsk/Downloads/matrix-multiplication-using-systolic-arrays/Basys3_Master.xdc]
INFO: [Project 1-236] Implementation specific constraints were found while reading constraint file [C:/Users/jsk/Downloads/matrix-multiplication-using-systolic-arrays/Basys3_Master.xdc]. These constraints will be ignored for synthesis but will be used in implementation. Impacted constraints are listed in the file [.Xil/RCA_propImpl.xdc].
Resolution: To avoid this warning, move constraints listed in [.Xil/RCA_propImpl.xdc] to another XDC file and exclude this new file from synthesis with the used_in_synthesis property (File Properties dialog in GUI) and re-run elaboration/synthesis.
Completed Processing XDC Constraints

INFO: [Project 1-111] Unisim Transformation Summary:
No Unisim elements were transformed.

Constraint Validation Runtime : Time (s): cpu = 00:00:00 ; elapsed = 00:00:00.020 . Memory (MB): peak = 786.285 ; gain = 0.000
---------------------------------------------------------------------------------
Finished Constraint Validation : Time (s): cpu = 00:00:15 ; elapsed = 00:00:21 . Memory (MB): peak = 786.285 ; gain = 457.727
---------------------------------------------------------------------------------
---------------------------------------------------------------------------------
Start Loading Part and Timing Information
---------------------------------------------------------------------------------
Loading part: xc7a35tcpg236-1
---------------------------------------------------------------------------------
Finished Loading Part and Timing Information : Time (s): cpu = 00:00:15 ; elapsed = 00:00:21 . Memory (MB): peak = 786.285 ; gain = 457.727
---------------------------------------------------------------------------------
---------------------------------------------------------------------------------
Start Applying 'set_property' XDC Constraints
---------------------------------------------------------------------------------
---------------------------------------------------------------------------------
Finished applying 'set_property' XDC Constraints : Time (s): cpu = 00:00:15 ; elapsed = 00:00:21 . Memory (MB): peak = 786.285 ; gain = 457.727
---------------------------------------------------------------------------------
---------------------------------------------------------------------------------
Finished RTL Optimization Phase 2 : Time (s): cpu = 00:00:15 ; elapsed = 00:00:22 . Memory (MB): peak = 786.285 ; gain = 457.727
---------------------------------------------------------------------------------

Report RTL Partitions: 
+-+--------------+------------+----------+
| |RTL Partition |Replication |Instances |
+-+--------------+------------+----------+
+-+--------------+------------+----------+
---------------------------------------------------------------------------------
Start RTL Component Statistics 
---------------------------------------------------------------------------------
Detailed RTL Component Info : 
+---Adders : 
	   5 Input     10 Bit       Adders := 1     
	   3 Input      4 Bit       Adders := 2     
	   2 Input      3 Bit       Adders := 1     
+---XORs : 
	   2 Input      1 Bit         XORs := 1     
+---Registers : 
	               10 Bit    Registers := 1     
	                8 Bit    Registers := 1     
	                5 Bit    Registers := 2     
+---Muxes : 
	   2 Input      7 Bit        Muxes := 1     
---------------------------------------------------------------------------------
Finished RTL Component Statistics 
---------------------------------------------------------------------------------
---------------------------------------------------------------------------------
Start RTL Hierarchical Component Statistics 
---------------------------------------------------------------------------------
Hierarchical RTL Component report 
Module nBitMult 
Detailed RTL Component Info : 
+---Adders : 
	   5 Input     10 Bit       Adders := 1     
+---Registers : 
	               10 Bit    Registers := 1     
Module fullAdder 
Detailed RTL Component Info : 
+---Adders : 
	   3 Input      4 Bit       Adders := 1     
Module floatingPntMult 
Detailed RTL Component Info : 
+---Adders : 
	   2 Input      3 Bit       Adders := 1     
+---XORs : 
	   2 Input      1 Bit         XORs := 1     
+---Registers : 
	                8 Bit    Registers := 1     
	                5 Bit    Registers := 2     
+---Muxes : 
	   2 Input      7 Bit        Muxes := 1     
---------------------------------------------------------------------------------
Finished RTL Hierarchical Component Statistics
---------------------------------------------------------------------------------
---------------------------------------------------------------------------------
Start Part Resource Summary
---------------------------------------------------------------------------------
Part Resources:
DSPs: 90 (col length:60)
BRAMs: 100 (col length: RAMB18 60 RAMB36 30)
---------------------------------------------------------------------------------
Finished Part Resource Summary
---------------------------------------------------------------------------------
---------------------------------------------------------------------------------
Start Cross Boundary and Area Optimization
---------------------------------------------------------------------------------
Warning: Parallel synthesis criteria is not met 
WARNING: [Synth 8-3331] design RCA has unconnected port an[3]
WARNING: [Synth 8-3331] design RCA has unconnected port an[2]
WARNING: [Synth 8-3331] design RCA has unconnected port an[1]
WARNING: [Synth 8-3331] design RCA has unconnected port an[0]
WARNING: [Synth 8-3331] design RCA has unconnected port seg[6]
WARNING: [Synth 8-3331] design RCA has unconnected port seg[5]
WARNING: [Synth 8-3331] design RCA has unconnected port seg[4]
WARNING: [Synth 8-3331] design RCA has unconnected port seg[3]
WARNING: [Synth 8-3331] design RCA has unconnected port seg[2]
WARNING: [Synth 8-3331] design RCA has unconnected port seg[1]
WARNING: [Synth 8-3331] design RCA has unconnected port seg[0]
INFO: [Synth 8-3886] merging instance 'm1/m2_reg[4]' (FD) to 'm1/m1_reg[4]'
INFO: [Synth 8-3333] propagating constant 1 across sequential element (\m1/m1_reg[4] )
WARNING: [Synth 8-3332] Sequential element (m1/n1/p_reg[3]) is unused and will be removed from module RCA.
WARNING: [Synth 8-3332] Sequential element (m1/n1/p_reg[2]) is unused and will be removed from module RCA.
WARNING: [Synth 8-3332] Sequential element (m1/n1/p_reg[1]) is unused and will be removed from module RCA.
WARNING: [Synth 8-3332] Sequential element (m1/n1/p_reg[0]) is unused and will be removed from module RCA.
WARNING: [Synth 8-3332] Sequential element (m1/m1_reg[4]) is unused and will be removed from module RCA.
---------------------------------------------------------------------------------
Finished Cross Boundary and Area Optimization : Time (s): cpu = 00:00:16 ; elapsed = 00:00:23 . Memory (MB): peak = 786.285 ; gain = 457.727
---------------------------------------------------------------------------------

Report RTL Partitions: 
+-+--------------+------------+----------+
| |RTL Partition |Replication |Instances |
+-+--------------+------------+----------+
+-+--------------+------------+----------+
---------------------------------------------------------------------------------
Start Applying XDC Timing Constraints
---------------------------------------------------------------------------------
---------------------------------------------------------------------------------
Finished Applying XDC Timing Constraints : Time (s): cpu = 00:00:28 ; elapsed = 00:00:36 . Memory (MB): peak = 801.469 ; gain = 472.910
---------------------------------------------------------------------------------
---------------------------------------------------------------------------------
Start Timing Optimization
---------------------------------------------------------------------------------
---------------------------------------------------------------------------------
Finished Timing Optimization : Time (s): cpu = 00:00:28 ; elapsed = 00:00:36 . Memory (MB): peak = 811.078 ; gain = 482.520
---------------------------------------------------------------------------------

Report RTL Partitions: 
+-+--------------+------------+----------+
| |RTL Partition |Replication |Instances |
+-+--------------+------------+----------+
+-+--------------+------------+----------+
---------------------------------------------------------------------------------
Start Technology Mapping
---------------------------------------------------------------------------------
---------------------------------------------------------------------------------
Finished Technology Mapping : Time (s): cpu = 00:00:28 ; elapsed = 00:00:36 . Memory (MB): peak = 811.582 ; gain = 483.023
---------------------------------------------------------------------------------

Report RTL Partitions: 
+-+--------------+------------+----------+
| |RTL Partition |Replication |Instances |
+-+--------------+------------+----------+
+-+--------------+------------+----------+
---------------------------------------------------------------------------------
Start IO Insertion
---------------------------------------------------------------------------------
---------------------------------------------------------------------------------
Start Flattening Before IO Insertion
---------------------------------------------------------------------------------
---------------------------------------------------------------------------------
Finished Flattening Before IO Insertion
---------------------------------------------------------------------------------
---------------------------------------------------------------------------------
Start Final Netlist Cleanup
---------------------------------------------------------------------------------
---------------------------------------------------------------------------------
Finished Final Netlist Cleanup
---------------------------------------------------------------------------------
---------------------------------------------------------------------------------
Finished IO Insertion : Time (s): cpu = 00:00:29 ; elapsed = 00:00:37 . Memory (MB): peak = 811.582 ; gain = 483.023
---------------------------------------------------------------------------------

Report Check Netlist: 
+------+------------------+-------+---------+-------+------------------+
|      |Item              |Errors |Warnings |Status |Description       |
+------+------------------+-------+---------+-------+------------------+
|1     |multi_driven_nets |      0|        0|Passed |Multi driven nets |
+------+------------------+-------+---------+-------+------------------+
---------------------------------------------------------------------------------
Start Renaming Generated Instances
---------------------------------------------------------------------------------
---------------------------------------------------------------------------------
Finished Renaming Generated Instances : Time (s): cpu = 00:00:29 ; elapsed = 00:00:37 . Memory (MB): peak = 811.582 ; gain = 483.023
---------------------------------------------------------------------------------

Report RTL Partitions: 
+-+--------------+------------+----------+
| |RTL Partition |Replication |Instances |
+-+--------------+------------+----------+
+-+--------------+------------+----------+
---------------------------------------------------------------------------------
Start Rebuilding User Hierarchy
---------------------------------------------------------------------------------
---------------------------------------------------------------------------------
Finished Rebuilding User Hierarchy : Time (s): cpu = 00:00:29 ; elapsed = 00:00:37 . Memory (MB): peak = 811.582 ; gain = 483.023
---------------------------------------------------------------------------------
---------------------------------------------------------------------------------
Start Renaming Generated Ports
---------------------------------------------------------------------------------
---------------------------------------------------------------------------------
Finished Renaming Generated Ports : Time (s): cpu = 00:00:29 ; elapsed = 00:00:37 . Memory (MB): peak = 811.582 ; gain = 483.023
---------------------------------------------------------------------------------
---------------------------------------------------------------------------------
Start Handling Custom Attributes
---------------------------------------------------------------------------------
---------------------------------------------------------------------------------
Finished Handling Custom Attributes : Time (s): cpu = 00:00:29 ; elapsed = 00:00:37 . Memory (MB): peak = 811.582 ; gain = 483.023
---------------------------------------------------------------------------------
---------------------------------------------------------------------------------
Start Renaming Generated Nets
---------------------------------------------------------------------------------
---------------------------------------------------------------------------------
Finished Renaming Generated Nets : Time (s): cpu = 00:00:29 ; elapsed = 00:00:37 . Memory (MB): peak = 811.582 ; gain = 483.023
---------------------------------------------------------------------------------
---------------------------------------------------------------------------------
Start Writing Synthesis Report
---------------------------------------------------------------------------------

Report BlackBoxes: 
+-+--------------+----------+
| |BlackBox name |Instances |
+-+--------------+----------+
+-+--------------+----------+

Report Cell Usage: 
+------+-------+------+
|      |Cell   |Count |
+------+-------+------+
|1     |BUFG   |     1|
|2     |CARRY4 |     5|
|3     |LUT2   |     6|
|4     |LUT3   |    11|
|5     |LUT4   |     6|
|6     |LUT5   |     7|
|7     |LUT6   |     4|
|8     |FDRE   |    22|
|9     |IBUF   |    17|
|10    |OBUF   |     8|
|11    |OBUFT  |    11|
+------+-------+------+

Report Instance Areas: 
+------+---------+----------------+------+
|      |Instance |Module          |Cells |
+------+---------+----------------+------+
|1     |top      |                |    98|
|2     |  m1     |floatingPntMult |    61|
|3     |    n1   |nBitMult        |    43|
+------+---------+----------------+------+
---------------------------------------------------------------------------------
Finished Writing Synthesis Report : Time (s): cpu = 00:00:29 ; elapsed = 00:00:37 . Memory (MB): peak = 811.582 ; gain = 483.023
---------------------------------------------------------------------------------
Synthesis finished with 0 errors, 0 critical warnings and 16 warnings.
Synthesis Optimization Runtime : Time (s): cpu = 00:00:17 ; elapsed = 00:00:24 . Memory (MB): peak = 811.582 ; gain = 176.875
Synthesis Optimization Complete : Time (s): cpu = 00:00:29 ; elapsed = 00:00:38 . Memory (MB): peak = 811.582 ; gain = 483.023
INFO: [Project 1-571] Translating synthesized netlist
INFO: [Netlist 29-17] Analyzing 22 Unisim elements for replacement
INFO: [Netlist 29-28] Unisim Transformation completed in 0 CPU seconds
INFO: [Project 1-570] Preparing netlist for logic optimization
INFO: [Opt 31-138] Pushed 0 inverter(s) to 0 load pin(s).
INFO: [Project 1-111] Unisim Transformation Summary:
No Unisim elements were transformed.

INFO: [Common 17-83] Releasing license: Synthesis
22 Infos, 36 Warnings, 0 Critical Warnings and 0 Errors encountered.
synth_design completed successfully
synth_design: Time (s): cpu = 00:00:31 ; elapsed = 00:00:40 . Memory (MB): peak = 821.133 ; gain = 504.645
WARNING: [Constraints 18-5210] No constraint will be written out.
INFO: [Common 17-1381] The checkpoint 'C:/Users/jsk/Downloads/matrix-multiplication-using-systolic-arrays/floatingPointMult/floatingPointMult.runs/synth_1/RCA.dcp' has been generated.
INFO: [runtcl-4] Executing : report_utilization -file RCA_utilization_synth.rpt -pb RCA_utilization_synth.pb
report_utilization: Time (s): cpu = 00:00:00 ; elapsed = 00:00:00.034 . Memory (MB): peak = 821.133 ; gain = 0.000
INFO: [Common 17-206] Exiting Vivado at Mon Nov  5 21:08:14 2018...
