
*** Running vivado
    with args -log bit4.vds -m64 -product Vivado -mode batch -messageDb vivado.pb -notrace -source bit4.tcl


****** Vivado v2018.2 (64-bit)
  **** SW Build 2258646 on Thu Jun 14 20:03:12 MDT 2018
  **** IP Build 2256618 on Thu Jun 14 22:10:49 MDT 2018
    ** Copyright 1986-2018 Xilinx, Inc. All Rights Reserved.

source bit4.tcl -notrace
Command: synth_design -top bit4 -part xc7a35tcpg236-1
Starting synth_design
Attempting to get a license for feature 'Synthesis' and/or device 'xc7a35t'
INFO: [Common 17-349] Got license for feature 'Synthesis' and/or device 'xc7a35t'
INFO: Launching helper process for spawning children vivado processes
INFO: Helper process launched with PID 10276 
---------------------------------------------------------------------------------
Starting Synthesize : Time (s): cpu = 00:00:03 ; elapsed = 00:00:05 . Memory (MB): peak = 424.914 ; gain = 96.066
---------------------------------------------------------------------------------
INFO: [Synth 8-6157] synthesizing module 'bit4' [C:/Users/jsk/Desktop/matrix-multiplication-using-systolic-arrays/floatmult.srcs/sources_1/new/4bit.v:23]
INFO: [Synth 8-6157] synthesizing module 'fadd' [C:/Users/jsk/Desktop/matrix-multiplication-using-systolic-arrays/floatmult.srcs/sources_1/new/fadd.v:23]
INFO: [Synth 8-6157] synthesizing module 'add' [C:/Users/jsk/Desktop/matrix-multiplication-using-systolic-arrays/floatmult.srcs/sources_1/new/add.v:23]
WARNING: [Synth 8-3848] Net w3 in module/entity add does not have driver. [C:/Users/jsk/Desktop/matrix-multiplication-using-systolic-arrays/floatmult.srcs/sources_1/new/add.v:27]
INFO: [Synth 8-6155] done synthesizing module 'add' (1#1) [C:/Users/jsk/Desktop/matrix-multiplication-using-systolic-arrays/floatmult.srcs/sources_1/new/add.v:23]
INFO: [Synth 8-6155] done synthesizing module 'fadd' (2#1) [C:/Users/jsk/Desktop/matrix-multiplication-using-systolic-arrays/floatmult.srcs/sources_1/new/fadd.v:23]
CRITICAL WARNING: [Synth 8-3352] multi-driven net A[3] with 1st driver pin 'bit4:/fa3/S[4]' [C:/Users/jsk/Desktop/matrix-multiplication-using-systolic-arrays/floatmult.srcs/sources_1/new/4bit.v:63]
CRITICAL WARNING: [Synth 8-3352] multi-driven net A[3] with 2nd driver pin 'GND' [C:/Users/jsk/Desktop/matrix-multiplication-using-systolic-arrays/floatmult.srcs/sources_1/new/4bit.v:63]
CRITICAL WARNING: [Synth 8-5559] multi-driven net A[3] is connected to constant driver, other driver is ignored [C:/Users/jsk/Desktop/matrix-multiplication-using-systolic-arrays/floatmult.srcs/sources_1/new/4bit.v:63]
CRITICAL WARNING: [Synth 8-3352] multi-driven net A[3] with 1st driver pin 'bit4:/fa3/S[4]' [C:/Users/jsk/Desktop/matrix-multiplication-using-systolic-arrays/floatmult.srcs/sources_1/new/4bit.v:51]
CRITICAL WARNING: [Synth 8-3352] multi-driven net A[3] with 2nd driver pin 'GND' [C:/Users/jsk/Desktop/matrix-multiplication-using-systolic-arrays/floatmult.srcs/sources_1/new/4bit.v:51]
CRITICAL WARNING: [Synth 8-5559] multi-driven net A[3] is connected to constant driver, other driver is ignored [C:/Users/jsk/Desktop/matrix-multiplication-using-systolic-arrays/floatmult.srcs/sources_1/new/4bit.v:51]
CRITICAL WARNING: [Synth 8-3352] multi-driven net A[3] with 1st driver pin 'bit4:/fa3/S[4]' [C:/Users/jsk/Desktop/matrix-multiplication-using-systolic-arrays/floatmult.srcs/sources_1/new/4bit.v:39]
CRITICAL WARNING: [Synth 8-3352] multi-driven net A[3] with 2nd driver pin 'GND' [C:/Users/jsk/Desktop/matrix-multiplication-using-systolic-arrays/floatmult.srcs/sources_1/new/4bit.v:39]
CRITICAL WARNING: [Synth 8-5559] multi-driven net A[3] is connected to constant driver, other driver is ignored [C:/Users/jsk/Desktop/matrix-multiplication-using-systolic-arrays/floatmult.srcs/sources_1/new/4bit.v:39]
INFO: [Synth 8-6155] done synthesizing module 'bit4' (3#1) [C:/Users/jsk/Desktop/matrix-multiplication-using-systolic-arrays/floatmult.srcs/sources_1/new/4bit.v:23]
WARNING: [Synth 8-3917] design bit4 has port O[7] driven by constant 0
---------------------------------------------------------------------------------
Finished Synthesize : Time (s): cpu = 00:00:04 ; elapsed = 00:00:06 . Memory (MB): peak = 479.656 ; gain = 150.809
---------------------------------------------------------------------------------
---------------------------------------------------------------------------------
Finished Constraint Validation : Time (s): cpu = 00:00:04 ; elapsed = 00:00:07 . Memory (MB): peak = 479.656 ; gain = 150.809
---------------------------------------------------------------------------------
---------------------------------------------------------------------------------
Start Loading Part and Timing Information
---------------------------------------------------------------------------------
Loading part: xc7a35tcpg236-1
---------------------------------------------------------------------------------
Finished Loading Part and Timing Information : Time (s): cpu = 00:00:04 ; elapsed = 00:00:07 . Memory (MB): peak = 479.656 ; gain = 150.809
---------------------------------------------------------------------------------
INFO: [Device 21-403] Loading part xc7a35tcpg236-1
---------------------------------------------------------------------------------
Finished RTL Optimization Phase 2 : Time (s): cpu = 00:00:04 ; elapsed = 00:00:07 . Memory (MB): peak = 479.656 ; gain = 150.809
---------------------------------------------------------------------------------

Report RTL Partitions: 
+-+--------------+------------+----------+
| |RTL Partition |Replication |Instances |
+-+--------------+------------+----------+
+-+--------------+------------+----------+
No constraint files found.
---------------------------------------------------------------------------------
Start RTL Component Statistics 
---------------------------------------------------------------------------------
Detailed RTL Component Info : 
+---XORs : 
	   3 Input      1 Bit         XORs := 12    
---------------------------------------------------------------------------------
Finished RTL Component Statistics 
---------------------------------------------------------------------------------
---------------------------------------------------------------------------------
Start RTL Hierarchical Component Statistics 
---------------------------------------------------------------------------------
Hierarchical RTL Component report 
Module add 
Detailed RTL Component Info : 
+---XORs : 
	   3 Input      1 Bit         XORs := 1     
---------------------------------------------------------------------------------
Finished RTL Hierarchical Component Statistics
---------------------------------------------------------------------------------
---------------------------------------------------------------------------------
Start Part Resource Summary
---------------------------------------------------------------------------------
Part Resources:
DSPs: 90 (col length:60)
BRAMs: 100 (col length: RAMB18 60 RAMB36 30)
---------------------------------------------------------------------------------
Finished Part Resource Summary
---------------------------------------------------------------------------------
No constraint files found.
---------------------------------------------------------------------------------
Start Cross Boundary and Area Optimization
---------------------------------------------------------------------------------
Warning: Parallel synthesis criteria is not met 
WARNING: [Synth 8-3917] design bit4 has port O[7] driven by constant 0
CRITICAL WARNING: [Synth 8-3352] multi-driven net S[4] with 1st driver pin 'fa1/a4/Co_inferred/Co' [C:/Users/jsk/Desktop/matrix-multiplication-using-systolic-arrays/floatmult.srcs/sources_1/new/add.v:28]
CRITICAL WARNING: [Synth 8-3352] multi-driven net S[4] with 2nd driver pin 'GND' [C:/Users/jsk/Desktop/matrix-multiplication-using-systolic-arrays/floatmult.srcs/sources_1/new/add.v:28]
CRITICAL WARNING: [Synth 8-5559] multi-driven net S[4] is connected to constant driver, other driver is ignored [C:/Users/jsk/Desktop/matrix-multiplication-using-systolic-arrays/floatmult.srcs/sources_1/new/add.v:28]
CRITICAL WARNING: [Synth 8-3352] multi-driven net S[4] with 1st driver pin 'fa2/a4/Co_inferred/Co' [C:/Users/jsk/Desktop/matrix-multiplication-using-systolic-arrays/floatmult.srcs/sources_1/new/add.v:28]
CRITICAL WARNING: [Synth 8-3352] multi-driven net S[4] with 2nd driver pin 'GND' [C:/Users/jsk/Desktop/matrix-multiplication-using-systolic-arrays/floatmult.srcs/sources_1/new/add.v:28]
CRITICAL WARNING: [Synth 8-5559] multi-driven net S[4] is connected to constant driver, other driver is ignored [C:/Users/jsk/Desktop/matrix-multiplication-using-systolic-arrays/floatmult.srcs/sources_1/new/add.v:28]
CRITICAL WARNING: [Synth 8-3352] multi-driven net A[3] with 1st driver pin 'fa3/a4/Co_inferred/Co' [C:/Users/jsk/Desktop/matrix-multiplication-using-systolic-arrays/floatmult.srcs/sources_1/new/add.v:28]
CRITICAL WARNING: [Synth 8-3352] multi-driven net A[3] with 2nd driver pin 'GND' [C:/Users/jsk/Desktop/matrix-multiplication-using-systolic-arrays/floatmult.srcs/sources_1/new/add.v:28]
CRITICAL WARNING: [Synth 8-5559] multi-driven net A[3] is connected to constant driver, other driver is ignored [C:/Users/jsk/Desktop/matrix-multiplication-using-systolic-arrays/floatmult.srcs/sources_1/new/add.v:28]
---------------------------------------------------------------------------------
Finished Cross Boundary and Area Optimization : Time (s): cpu = 00:00:09 ; elapsed = 00:00:15 . Memory (MB): peak = 599.133 ; gain = 270.285
---------------------------------------------------------------------------------

Report RTL Partitions: 
+-+--------------+------------+----------+
| |RTL Partition |Replication |Instances |
+-+--------------+------------+----------+
+-+--------------+------------+----------+
No constraint files found.
---------------------------------------------------------------------------------
Start Timing Optimization
---------------------------------------------------------------------------------
---------------------------------------------------------------------------------
Finished Timing Optimization : Time (s): cpu = 00:00:09 ; elapsed = 00:00:15 . Memory (MB): peak = 599.133 ; gain = 270.285
---------------------------------------------------------------------------------

Report RTL Partitions: 
+-+--------------+------------+----------+
| |RTL Partition |Replication |Instances |
+-+--------------+------------+----------+
+-+--------------+------------+----------+
---------------------------------------------------------------------------------
Start Technology Mapping
---------------------------------------------------------------------------------
---------------------------------------------------------------------------------
Finished Technology Mapping : Time (s): cpu = 00:00:09 ; elapsed = 00:00:15 . Memory (MB): peak = 599.133 ; gain = 270.285
---------------------------------------------------------------------------------

Report RTL Partitions: 
+-+--------------+------------+----------+
| |RTL Partition |Replication |Instances |
+-+--------------+------------+----------+
+-+--------------+------------+----------+
---------------------------------------------------------------------------------
Start IO Insertion
---------------------------------------------------------------------------------
---------------------------------------------------------------------------------
Start Flattening Before IO Insertion
---------------------------------------------------------------------------------
---------------------------------------------------------------------------------
Finished Flattening Before IO Insertion
---------------------------------------------------------------------------------
---------------------------------------------------------------------------------
Start Final Netlist Cleanup
---------------------------------------------------------------------------------
---------------------------------------------------------------------------------
Finished Final Netlist Cleanup
---------------------------------------------------------------------------------
---------------------------------------------------------------------------------
Finished IO Insertion : Time (s): cpu = 00:00:10 ; elapsed = 00:00:16 . Memory (MB): peak = 599.133 ; gain = 270.285
---------------------------------------------------------------------------------
CRITICAL WARNING: [Synth 8-3352] multi-driven net O_OBUF[1] with 1st driver pin 'fa3i_4/O' [C:/Users/jsk/Desktop/matrix-multiplication-using-systolic-arrays/floatmult.srcs/sources_1/new/add.v:26]
CRITICAL WARNING: [Synth 8-3352] multi-driven net O_OBUF[1] with 2nd driver pin 'fa2i_2/O' [C:/Users/jsk/Desktop/matrix-multiplication-using-systolic-arrays/floatmult.srcs/sources_1/new/add.v:26]
CRITICAL WARNING: [Synth 8-3352] multi-driven net O_OBUF[1] with 3rd driver pin 'fa1i_0/O' [C:/Users/jsk/Desktop/matrix-multiplication-using-systolic-arrays/floatmult.srcs/sources_1/new/add.v:26]
CRITICAL WARNING: [Synth 8-3352] multi-driven net B[0] with 1st driver pin 'i_22/O' [C:/Users/jsk/Desktop/matrix-multiplication-using-systolic-arrays/floatmult.srcs/sources_1/new/4bit.v:34]
CRITICAL WARNING: [Synth 8-3352] multi-driven net B[0] with 2nd driver pin 'i_18/O' [C:/Users/jsk/Desktop/matrix-multiplication-using-systolic-arrays/floatmult.srcs/sources_1/new/4bit.v:46]
CRITICAL WARNING: [Synth 8-3352] multi-driven net B[0] with 3rd driver pin 'i_14/O' [C:/Users/jsk/Desktop/matrix-multiplication-using-systolic-arrays/floatmult.srcs/sources_1/new/4bit.v:58]
CRITICAL WARNING: [Synth 8-3352] multi-driven net O_OBUF[4] with 1st driver pin 'i_25/O' [C:/Users/jsk/Desktop/matrix-multiplication-using-systolic-arrays/floatmult.srcs/sources_1/new/add.v:26]
CRITICAL WARNING: [Synth 8-3352] multi-driven net O_OBUF[4] with 2nd driver pin 'i_24/O' [C:/Users/jsk/Desktop/matrix-multiplication-using-systolic-arrays/floatmult.srcs/sources_1/new/add.v:26]
CRITICAL WARNING: [Synth 8-3352] multi-driven net O_OBUF[4] with 3rd driver pin 'i_23/O' [C:/Users/jsk/Desktop/matrix-multiplication-using-systolic-arrays/floatmult.srcs/sources_1/new/add.v:26]
CRITICAL WARNING: [Synth 8-3352] multi-driven net O_OBUF[4] with 4th driver pin 'i_10/O' [C:/Users/jsk/Desktop/matrix-multiplication-using-systolic-arrays/floatmult.srcs/sources_1/new/4bit.v:30]
CRITICAL WARNING: [Synth 8-3352] multi-driven net O_OBUF[6] with 1st driver pin 'i_8/O' [C:/Users/jsk/Desktop/matrix-multiplication-using-systolic-arrays/floatmult.srcs/sources_1/new/4bit.v:32]
CRITICAL WARNING: [Synth 8-3352] multi-driven net O_OBUF[6] with 2nd driver pin 'fa3i_5/O' [C:/Users/jsk/Desktop/matrix-multiplication-using-systolic-arrays/floatmult.srcs/sources_1/new/add.v:26]
CRITICAL WARNING: [Synth 8-3352] multi-driven net O_OBUF[6] with 3rd driver pin 'fa2i_3/O' [C:/Users/jsk/Desktop/matrix-multiplication-using-systolic-arrays/floatmult.srcs/sources_1/new/add.v:26]
CRITICAL WARNING: [Synth 8-3352] multi-driven net O_OBUF[6] with 4th driver pin 'fa1i_1/O' [C:/Users/jsk/Desktop/matrix-multiplication-using-systolic-arrays/floatmult.srcs/sources_1/new/add.v:26]
CRITICAL WARNING: [Synth 8-3352] multi-driven net B[3] with 1st driver pin 'i_19/O' [C:/Users/jsk/Desktop/matrix-multiplication-using-systolic-arrays/floatmult.srcs/sources_1/new/4bit.v:37]
CRITICAL WARNING: [Synth 8-3352] multi-driven net B[3] with 2nd driver pin 'i_15/O' [C:/Users/jsk/Desktop/matrix-multiplication-using-systolic-arrays/floatmult.srcs/sources_1/new/4bit.v:49]
CRITICAL WARNING: [Synth 8-3352] multi-driven net B[3] with 3rd driver pin 'i_11/O' [C:/Users/jsk/Desktop/matrix-multiplication-using-systolic-arrays/floatmult.srcs/sources_1/new/4bit.v:61]
CRITICAL WARNING: [Synth 8-3352] multi-driven net B[2] with 1st driver pin 'i_20/O' [C:/Users/jsk/Desktop/matrix-multiplication-using-systolic-arrays/floatmult.srcs/sources_1/new/4bit.v:36]
CRITICAL WARNING: [Synth 8-3352] multi-driven net B[2] with 2nd driver pin 'i_16/O' [C:/Users/jsk/Desktop/matrix-multiplication-using-systolic-arrays/floatmult.srcs/sources_1/new/4bit.v:48]
CRITICAL WARNING: [Synth 8-3352] multi-driven net B[2] with 3rd driver pin 'i_12/O' [C:/Users/jsk/Desktop/matrix-multiplication-using-systolic-arrays/floatmult.srcs/sources_1/new/4bit.v:60]
CRITICAL WARNING: [Synth 8-3352] multi-driven net B[1] with 1st driver pin 'i_21/O' [C:/Users/jsk/Desktop/matrix-multiplication-using-systolic-arrays/floatmult.srcs/sources_1/new/4bit.v:35]
CRITICAL WARNING: [Synth 8-3352] multi-driven net B[1] with 2nd driver pin 'i_17/O' [C:/Users/jsk/Desktop/matrix-multiplication-using-systolic-arrays/floatmult.srcs/sources_1/new/4bit.v:47]
CRITICAL WARNING: [Synth 8-3352] multi-driven net B[1] with 3rd driver pin 'i_13/O' [C:/Users/jsk/Desktop/matrix-multiplication-using-systolic-arrays/floatmult.srcs/sources_1/new/4bit.v:59]
CRITICAL WARNING: [Synth 8-3352] multi-driven net O_OBUF[5] with 1st driver pin 'i_28/O' [C:/Users/jsk/Desktop/matrix-multiplication-using-systolic-arrays/floatmult.srcs/sources_1/new/add.v:26]
CRITICAL WARNING: [Synth 8-3352] multi-driven net O_OBUF[5] with 2nd driver pin 'i_27/O' [C:/Users/jsk/Desktop/matrix-multiplication-using-systolic-arrays/floatmult.srcs/sources_1/new/add.v:26]
CRITICAL WARNING: [Synth 8-3352] multi-driven net O_OBUF[5] with 3rd driver pin 'i_26/O' [C:/Users/jsk/Desktop/matrix-multiplication-using-systolic-arrays/floatmult.srcs/sources_1/new/add.v:26]
CRITICAL WARNING: [Synth 8-3352] multi-driven net O_OBUF[5] with 4th driver pin 'i_9/O' [C:/Users/jsk/Desktop/matrix-multiplication-using-systolic-arrays/floatmult.srcs/sources_1/new/4bit.v:31]

Report Check Netlist: 
+------+------------------+-------+---------+-------+------------------+
|      |Item              |Errors |Warnings |Status |Description       |
+------+------------------+-------+---------+-------+------------------+
|1     |multi_driven_nets |      0|        8|Failed |Multi driven nets |
+------+------------------+-------+---------+-------+------------------+
---------------------------------------------------------------------------------
Start Renaming Generated Instances
---------------------------------------------------------------------------------
---------------------------------------------------------------------------------
Finished Renaming Generated Instances : Time (s): cpu = 00:00:10 ; elapsed = 00:00:16 . Memory (MB): peak = 599.133 ; gain = 270.285
---------------------------------------------------------------------------------

Report RTL Partitions: 
+-+--------------+------------+----------+
| |RTL Partition |Replication |Instances |
+-+--------------+------------+----------+
+-+--------------+------------+----------+
---------------------------------------------------------------------------------
Start Rebuilding User Hierarchy
---------------------------------------------------------------------------------
---------------------------------------------------------------------------------
Finished Rebuilding User Hierarchy : Time (s): cpu = 00:00:10 ; elapsed = 00:00:16 . Memory (MB): peak = 599.133 ; gain = 270.285
---------------------------------------------------------------------------------
---------------------------------------------------------------------------------
Start Renaming Generated Ports
---------------------------------------------------------------------------------
---------------------------------------------------------------------------------
Finished Renaming Generated Ports : Time (s): cpu = 00:00:10 ; elapsed = 00:00:16 . Memory (MB): peak = 599.133 ; gain = 270.285
---------------------------------------------------------------------------------
---------------------------------------------------------------------------------
Start Handling Custom Attributes
---------------------------------------------------------------------------------
---------------------------------------------------------------------------------
Finished Handling Custom Attributes : Time (s): cpu = 00:00:10 ; elapsed = 00:00:16 . Memory (MB): peak = 599.133 ; gain = 270.285
---------------------------------------------------------------------------------
---------------------------------------------------------------------------------
Start Renaming Generated Nets
---------------------------------------------------------------------------------
---------------------------------------------------------------------------------
Finished Renaming Generated Nets : Time (s): cpu = 00:00:10 ; elapsed = 00:00:16 . Memory (MB): peak = 599.133 ; gain = 270.285
---------------------------------------------------------------------------------
---------------------------------------------------------------------------------
Start Writing Synthesis Report
---------------------------------------------------------------------------------

Report BlackBoxes: 
+-+--------------+----------+
| |BlackBox name |Instances |
+-+--------------+----------+
+-+--------------+----------+

Report Cell Usage: 
+------+-----+------+
|      |Cell |Count |
+------+-----+------+
|1     |LUT2 |    22|
|2     |LUT4 |     3|
|3     |LUT6 |     4|
|4     |IBUF |     8|
|5     |OBUF |     8|
+------+-----+------+

Report Instance Areas: 
+------+---------+-------+------+
|      |Instance |Module |Cells |
+------+---------+-------+------+
|1     |top      |       |    45|
+------+---------+-------+------+
---------------------------------------------------------------------------------
Finished Writing Synthesis Report : Time (s): cpu = 00:00:10 ; elapsed = 00:00:16 . Memory (MB): peak = 599.133 ; gain = 270.285
---------------------------------------------------------------------------------
Synthesis finished with 0 errors, 45 critical warnings and 3 warnings.
Synthesis Optimization Runtime : Time (s): cpu = 00:00:10 ; elapsed = 00:00:16 . Memory (MB): peak = 599.133 ; gain = 270.285
Synthesis Optimization Complete : Time (s): cpu = 00:00:10 ; elapsed = 00:00:16 . Memory (MB): peak = 599.133 ; gain = 270.285
INFO: [Project 1-571] Translating synthesized netlist
INFO: [Netlist 29-17] Analyzing 8 Unisim elements for replacement
INFO: [Netlist 29-28] Unisim Transformation completed in 0 CPU seconds
INFO: [Project 1-570] Preparing netlist for logic optimization
INFO: [Opt 31-138] Pushed 0 inverter(s) to 0 load pin(s).
INFO: [Project 1-111] Unisim Transformation Summary:
No Unisim elements were transformed.

INFO: [Common 17-83] Releasing license: Synthesis
15 Infos, 3 Warnings, 45 Critical Warnings and 0 Errors encountered.
synth_design completed successfully
synth_design: Time (s): cpu = 00:00:16 ; elapsed = 00:00:26 . Memory (MB): peak = 706.258 ; gain = 389.289
WARNING: [Constraints 18-5210] No constraint will be written out.
INFO: [Common 17-1381] The checkpoint 'C:/Users/jsk/Desktop/matrix-multiplication-using-systolic-arrays/floatmult.runs/synth_1/bit4.dcp' has been generated.
INFO: [runtcl-4] Executing : report_utilization -file bit4_utilization_synth.rpt -pb bit4_utilization_synth.pb
report_utilization: Time (s): cpu = 00:00:00 ; elapsed = 00:00:00.133 . Memory (MB): peak = 706.258 ; gain = 0.000
INFO: [Common 17-206] Exiting Vivado at Mon Oct 22 15:13:51 2018...
