#-----------------------------------------------------------
# Vivado v2018.2 (64-bit)
# SW Build 2258646 on Thu Jun 14 20:03:12 MDT 2018
# IP Build 2256618 on Thu Jun 14 22:10:49 MDT 2018
# Start of session at: Tue Oct 30 23:11:39 2018
# Process ID: 1348
# Current directory: C:/Users/jsk/Desktop/matrix-multiplication-using-systolic-arrays/floatingPointMult
# Command line: vivado.exe -gui_launcher_event rodinguilauncherevent11240 C:\Users\jsk\Desktop\matrix-multiplication-using-systolic-arrays\floatingPointMult\floatingPointMult.xpr
# Log file: C:/Users/jsk/Desktop/matrix-multiplication-using-systolic-arrays/floatingPointMult/vivado.log
# Journal file: C:/Users/jsk/Desktop/matrix-multiplication-using-systolic-arrays/floatingPointMult\vivado.jou
#-----------------------------------------------------------
start_gui
open_project C:/Users/jsk/Desktop/matrix-multiplication-using-systolic-arrays/floatingPointMult/floatingPointMult.xpr
INFO: [ProjectBase 1-489] The host OS only allows 260 characters in a normal path. The project is stored in a path with more than 80 characters. If you experience issues with IP, Block Designs, or files not being found, please consider moving the project to a location with a shorter path. Alternately consider using the OS subst command to map part of the path to a drive letter.
Current project path is 'C:/Users/jsk/Desktop/matrix-multiplication-using-systolic-arrays/floatingPointMult'
INFO: [Project 1-313] Project file moved from 'E:/xilink/projects/floatingPointMult' since last save.
WARNING: [Project 1-312] File not found as 'C:/Users/jsk/Desktop/matrix-multiplication-using-systolic-arrays/PROJECT/PROJECT.srcs/sources_1/new/fullAdder.v'; using path 'E:/xilink/projects/PROJECT/PROJECT.srcs/sources_1/new/fullAdder.v' instead.
WARNING: [Project 1-312] File not found as 'C:/Users/jsk/Desktop/matrix-multiplication-using-systolic-arrays/PROJECT/PROJECT.srcs/sources_1/new/nBitMultiplier.v'; using path 'E:/xilink/projects/PROJECT/PROJECT.srcs/sources_1/new/nBitMultiplier.v' instead.
Scanning sources...
Finished scanning sources
INFO: [IP_Flow 19-234] Refreshing IP repositories
INFO: [IP_Flow 19-1704] No user IP repositories specified
INFO: [IP_Flow 19-2313] Loaded Vivado IP repository 'E:/xilink/Vivado/2018.2/data/ip'.
open_project: Time (s): cpu = 00:00:15 ; elapsed = 00:00:11 . Memory (MB): peak = 791.945 ; gain = 110.234
update_compile_order -fileset sources_1
close [ open C:/Users/jsk/Desktop/matrix-multiplication-using-systolic-arrays/floatingPointMult/floatingPointMult.srcs/sources_1/new/RCA.v w ]
add_files C:/Users/jsk/Desktop/matrix-multiplication-using-systolic-arrays/floatingPointMult/floatingPointMult.srcs/sources_1/new/RCA.v
update_compile_order -fileset sources_1
exit
INFO: [Common 17-206] Exiting Vivado at Tue Oct 30 23:18:21 2018...
