#-----------------------------------------------------------
# Vivado v2018.2 (64-bit)
# SW Build 2258646 on Thu Jun 14 20:03:12 MDT 2018
# IP Build 2256618 on Thu Jun 14 22:10:49 MDT 2018
# Start of session at: Wed Oct 31 00:27:04 2018
# Process ID: 5512
# Current directory: C:/Users/jsk/Desktop/matrix-multiplication-using-systolic-arrays/floatingPointMult
# Command line: vivado.exe -gui_launcher_event rodinguilauncherevent7756 C:\Users\jsk\Desktop\matrix-multiplication-using-systolic-arrays\floatingPointMult\floatingPointMult.xpr
# Log file: C:/Users/jsk/Desktop/matrix-multiplication-using-systolic-arrays/floatingPointMult/vivado.log
# Journal file: C:/Users/jsk/Desktop/matrix-multiplication-using-systolic-arrays/floatingPointMult\vivado.jou
#-----------------------------------------------------------
start_gui
open_project C:/Users/jsk/Desktop/matrix-multiplication-using-systolic-arrays/floatingPointMult/floatingPointMult.xpr
INFO: [ProjectBase 1-489] The host OS only allows 260 characters in a normal path. The project is stored in a path with more than 80 characters. If you experience issues with IP, Block Designs, or files not being found, please consider moving the project to a location with a shorter path. Alternately consider using the OS subst command to map part of the path to a drive letter.
Current project path is 'C:/Users/jsk/Desktop/matrix-multiplication-using-systolic-arrays/floatingPointMult'
Scanning sources...
Finished scanning sources
INFO: [IP_Flow 19-234] Refreshing IP repositories
INFO: [IP_Flow 19-1704] No user IP repositories specified
INFO: [IP_Flow 19-2313] Loaded Vivado IP repository 'E:/xilink/Vivado/2018.2/data/ip'.
open_project: Time (s): cpu = 00:00:16 ; elapsed = 00:00:11 . Memory (MB): peak = 805.453 ; gain = 126.051
update_compile_order -fileset sources_1
launch_simulation
INFO: [Vivado 12-5682] Launching behavioral simulation in 'C:/Users/jsk/Desktop/matrix-multiplication-using-systolic-arrays/floatingPointMult/floatingPointMult.sim/sim_1/behav/xsim'
INFO: [SIM-utils-51] Simulation object is 'sim_1'
INFO: [SIM-utils-54] Inspecting design source files for 'floatingPntMult' in fileset 'sim_1'...
INFO: [USF-XSim-97] Finding global include files...
INFO: [USF-XSim-98] Fetching design files from 'sim_1'...
INFO: [USF-XSim-2] XSim::Compile design
INFO: [USF-XSim-61] Executing 'COMPILE and ANALYZE' step in 'C:/Users/jsk/Desktop/matrix-multiplication-using-systolic-arrays/floatingPointMult/floatingPointMult.sim/sim_1/behav/xsim'
"xvlog --incr --relax -prj floatingPntMult_vlog.prj"
INFO: [Common 17-41] Interrupt caught. Command should exit soon.
run_program: Time (s): cpu = 00:00:02 ; elapsed = 00:00:30 . Memory (MB): peak = 834.051 ; gain = 0.000
INFO: [Common 17-344] 'run_program' was cancelled
INFO: [Vivado 12-5357] 'compile' step aborted
launch_simulation: Time (s): cpu = 00:00:04 ; elapsed = 00:00:31 . Memory (MB): peak = 834.051 ; gain = 0.000
INFO: [Common 17-344] 'launch_simulation' was cancelled
