#-----------------------------------------------------------
# Vivado v2018.2 (64-bit)
# SW Build 2258646 on Thu Jun 14 20:03:12 MDT 2018
# IP Build 2256618 on Thu Jun 14 22:10:49 MDT 2018
# Start of session at: Mon Oct 22 21:09:22 2018
# Process ID: 3424
# Current directory: C:/Users/jsk/Desktop/matrix-multiplication-using-systolic-arrays
# Command line: vivado.exe -gui_launcher_event rodinguilauncherevent280 C:\Users\jsk\Desktop\matrix-multiplication-using-systolic-arrays\floatmult.xpr
# Log file: C:/Users/jsk/Desktop/matrix-multiplication-using-systolic-arrays/vivado.log
# Journal file: C:/Users/jsk/Desktop/matrix-multiplication-using-systolic-arrays\vivado.jou
#-----------------------------------------------------------
start_gui
open_project C:/Users/jsk/Desktop/matrix-multiplication-using-systolic-arrays/floatmult.xpr
Scanning sources...
Finished scanning sources
INFO: [IP_Flow 19-234] Refreshing IP repositories
INFO: [IP_Flow 19-1704] No user IP repositories specified
INFO: [IP_Flow 19-2313] Loaded Vivado IP repository 'E:/xilink/Vivado/2018.2/data/ip'.
open_project: Time (s): cpu = 00:00:17 ; elapsed = 00:00:24 . Memory (MB): peak = 810.484 ; gain = 122.020
update_compile_order -fileset sources_1
